  Compiling CUDA source file main.cu...
  
  D:\Projects\Raytracer-CUDA\Raytracer-CUDA>"C:\Program Files\NVIDIA GPU Computing Toolkit\CUDA\v12.4\bin\nvcc.exe" -gencode=arch=compute_80,code=\"sm_80,compute_80\" -gencode=arch=compute_52,code=\"sm_52,compute_52\" --use-local-env -ccbin "C:\Program Files (x86)\Microsoft Visual Studio\2019\Community\VC\Tools\MSVC\14.29.30133\bin\HostX86\x64" -x cu   -I"C:\Program Files\NVIDIA GPU Computing Toolkit\CUDA\v12.4\include" -I"C:\Program Files\NVIDIA GPU Computing Toolkit\CUDA\v12.4\include"     --keep-dir x64\Release  -maxrregcount=0   --machine 64 --compile -cudart static    -DWIN32 -DWIN64 -DNDEBUG -D_CONSOLE -D_MBCS -Xcompiler "/EHsc /W3 /nologo /O2 /FS   /MD " -Xcompiler "/Fdx64\Release\vc142.pdb" -o D:\Projects\Raytracer-CUDA\Raytracer-CUDA\x64\Release\main.cu.obj "D:\Projects\Raytracer-CUDA\Raytracer-CUDA\main.cu" 
D:\Projects\Raytracer-CUDA\Raytracer-CUDA\main.cu(291): warning #940-D: missing return statement at end of non-void function "SDL_main"
    }
    ^
  
  Remark: The warnings can be suppressed with "-diag-suppress <warning-number>"
  
D:\Projects\Raytracer-CUDA\Raytracer-CUDA\main.cu(291): warning #940-D: missing return statement at end of non-void function "SDL_main"
    }
    ^
  
  Remark: The warnings can be suppressed with "-diag-suppress <warning-number>"
  
D:\Projects\Raytracer-CUDA\Raytracer-CUDA\main.cu(154): warning #177-D: variable "event" was declared but never referenced
        SDL_Event event;
                  ^
  
CUDACOMPILE : ptxas warning : Stack size for entry function '_Z12create_worldPP7hitableS1_PP6cameraiiP17curandStateXORWOW' cannot be statically determined
CUDACOMPILE : ptxas warning : Stack size for entry function '_Z6renderP4vec3iiiPP6cameraPP7hitableP17curandStateXORWOW' cannot be statically determined
D:\Projects\Raytracer-CUDA\Raytracer-CUDA\main.cu(291): warning #940-D: missing return statement at end of non-void function "SDL_main"
    }
    ^
  
  Remark: The warnings can be suppressed with "-diag-suppress <warning-number>"
  
D:\Projects\Raytracer-CUDA\Raytracer-CUDA\main.cu(154): warning #177-D: variable "event" was declared but never referenced
        SDL_Event event;
                  ^
  
CUDACOMPILE : ptxas warning : Stack size for entry function '_Z12create_worldPP7hitableS1_PP6cameraiiP17curandStateXORWOW' cannot be statically determined
CUDACOMPILE : ptxas warning : Stack size for entry function '_Z6renderP4vec3iiiPP6cameraPP7hitableP17curandStateXORWOW' cannot be statically determined
  main.cu
  tmpxft_00009c6c_00000000-7_main.compute_52.cudafe1.cpp
D:\Projects\Raytracer-CUDA\Raytracer-CUDA\vec3.h(54): warning C4244: 'initializing': conversion from 'double' to 'float', possible loss of data
D:\Projects\Raytracer-CUDA\Raytracer-CUDA\vec3.h(133): warning C4244: 'initializing': conversion from 'double' to 'float', possible loss of data
D:\Projects\Raytracer-CUDA\Raytracer-CUDA\main.cu(154): warning C4101: 'event': unreferenced local variable
D:\Projects\Raytracer-CUDA\Raytracer-CUDA\main.cu(291): warning C4715: 'SDL_main': not all control paths return a value
     Creating library D:\Projects\Raytracer-CUDA\x64\Release\Raytracer-CUDA.lib and object D:\Projects\Raytracer-CUDA\x64\Release\Raytracer-CUDA.exp
LINK : warning LNK4098: defaultlib 'LIBCMT' conflicts with use of other libs; use /NODEFAULTLIB:library
  Generating code
  0 of 137 functions ( 0.0%) were compiled, the rest were copied from previous compilation.
    0 functions were new in current compilation
    0 functions had inline decision re-evaluated but remain unchanged
  Finished generating code
  Raytracer-CUDA.vcxproj -> D:\Projects\Raytracer-CUDA\x64\Release\Raytracer-CUDA.exe
